C:\Program Files (x86)\Microsoft Visual Studio\2019\Community\MSBuild\Microsoft\VC\v160\Microsoft.CppBuild.targets(505,5): warning MSB8004: El directorio Output no termina con una barra diagonal final. Esta instancia de compilación agregará la barra diagonal porque es necesaria para que se pueda evaluar correctamente el directorio Output.
  App.cpp
  EntityManager.cpp
  Exterior.cpp
C:\Users\ercanon\Documents\GitHub\Sprite-Sorting-Camera-Culling\docs\template\game\Source\Exterior.cpp(20,10): warning C4101: 'h': variable local sin referencia
C:\Users\ercanon\Documents\GitHub\Sprite-Sorting-Camera-Culling\docs\template\game\Source\Exterior.cpp(20,7): warning C4101: 'w': variable local sin referencia
  Map.cpp
C:\Users\ercanon\Documents\GitHub\Sprite-Sorting-Camera-Culling\docs\template\game\Source\Map.cpp(93,20): warning C4018: '<': no coinciden signed/unsigned
C:\Users\ercanon\Documents\GitHub\Sprite-Sorting-Camera-Culling\docs\template\game\Source\Map.cpp(101,10): warning C4018: '<': no coinciden signed/unsigned
C:\Users\ercanon\Documents\GitHub\Sprite-Sorting-Camera-Culling\docs\template\game\Source\Map.cpp(181,25): warning C4838: la conversión de 'uint32' en 'int' requiere una conversión de restricción
C:\Users\ercanon\Documents\GitHub\Sprite-Sorting-Camera-Culling\docs\template\game\Source\Map.cpp(181,58): warning C4838: la conversión de 'uint32' en 'int' requiere una conversión de restricción
C:\Users\ercanon\Documents\GitHub\Sprite-Sorting-Camera-Culling\docs\template\game\Source\Map.cpp(182,22): warning C4838: la conversión de 'uint32' en 'int' requiere una conversión de restricción
C:\Users\ercanon\Documents\GitHub\Sprite-Sorting-Camera-Culling\docs\template\game\Source\Map.cpp(182,47): warning C4838: la conversión de 'uint32' en 'int' requiere una conversión de restricción
  Player.cpp
C:\Users\ercanon\Documents\GitHub\Sprite-Sorting-Camera-Culling\docs\template\game\Source\Player.cpp(91,47): warning C4244: '-=': conversión de 'float' a 'TYPE'; posible pérdida de datos
          with
          [
              TYPE=int
          ]
C:\Users\ercanon\Documents\GitHub\Sprite-Sorting-Camera-Culling\docs\template\game\Source\Player.cpp(96,51): warning C4244: '+=': conversión de 'float' a 'TYPE'; posible pérdida de datos
          with
          [
              TYPE=int
          ]
C:\Users\ercanon\Documents\GitHub\Sprite-Sorting-Camera-Culling\docs\template\game\Source\Player.cpp(102,47): warning C4244: '-=': conversión de 'float' a 'TYPE'; posible pérdida de datos
          with
          [
              TYPE=int
          ]
C:\Users\ercanon\Documents\GitHub\Sprite-Sorting-Camera-Culling\docs\template\game\Source\Player.cpp(107,51): warning C4244: '+=': conversión de 'float' a 'TYPE'; posible pérdida de datos
          with
          [
              TYPE=int
          ]
  SceneManager.cpp
  Generando código...
  LINK : no se encontró C:\Users\ercanon\Documents\GitHub\Sprite-Sorting-Camera-Culling\docs\template\Build\Debug\Game.exe o no lo generó el último vínculo incremental; ejecutando vínculo completo
  Game.vcxproj -> C:\Users\ercanon\Documents\GitHub\Sprite-Sorting-Camera-Culling\docs\template\Build\Debug\Game.exe
          1 archivo(s) copiado(s).
